[2.996s] DEBUG:colcon:Command line arguments: ['/usr/bin/colcon', 'build']
[2.996s] DEBUG:colcon:Parsed command line arguments: Namespace(log_base=None, log_level=None, verb_name='build', build_base='build', install_base='install', merge_install=False, symlink_install=False, test_result_base=None, continue_on_error=False, executor='parallel', parallel_workers=12, event_handlers=None, ignore_user_meta=False, metas=['./colcon.meta'], base_paths=['.'], packages_ignore=None, packages_ignore_regex=None, paths=None, packages_up_to=None, packages_up_to_regex=None, packages_above=None, packages_above_and_dependencies=None, packages_above_depth=None, packages_select_by_dep=None, packages_skip_by_dep=None, packages_skip_up_to=None, packages_select_build_failed=False, packages_skip_build_finished=False, packages_select_test_failures=False, packages_skip_test_passed=False, packages_select=None, packages_skip=None, packages_select_regex=None, packages_skip_regex=None, packages_start=None, packages_end=None, allow_overriding=[], cmake_args=None, cmake_target=None, cmake_target_skip_unavailable=False, cmake_clean_cache=False, cmake_clean_first=False, cmake_force_configure=False, ament_cmake_args=None, catkin_cmake_args=None, catkin_skip_building_tests=False, verb_parser=<colcon_defaults.argument_parser.defaults.DefaultArgumentsDecorator object at 0x7f89da133850>, verb_extension=<colcon_core.verb.build.BuildVerb object at 0x7f89da46ab00>, main=<bound method BuildVerb.main of <colcon_core.verb.build.BuildVerb object at 0x7f89da46ab00>>)
[3.009s] Level 1:colcon.colcon_core.package_discovery:discover_packages(colcon_meta) check parameters
[3.010s] Level 1:colcon.colcon_core.package_discovery:discover_packages(recursive) check parameters
[3.010s] Level 1:colcon.colcon_core.package_discovery:discover_packages(ignore) check parameters
[3.010s] Level 1:colcon.colcon_core.package_discovery:discover_packages(path) check parameters
[3.010s] Level 1:colcon.colcon_core.package_discovery:discover_packages(colcon_meta) discover
[3.010s] Level 1:colcon.colcon_core.package_discovery:discover_packages(recursive) discover
[3.010s] INFO:colcon.colcon_core.package_discovery:Crawling recursively for packages in '/home/kohki/joy-recv-check'
[3.010s] Level 1:colcon.colcon_core.package_identification:_identify(.) by extensions ['ignore', 'ignore_ament_install']
[3.010s] Level 1:colcon.colcon_core.package_identification:_identify(.) by extension 'ignore'
[3.010s] Level 1:colcon.colcon_core.package_identification:_identify(.) by extension 'ignore_ament_install'
[3.010s] Level 1:colcon.colcon_core.package_identification:_identify(.) by extensions ['colcon_pkg']
[3.010s] Level 1:colcon.colcon_core.package_identification:_identify(.) by extension 'colcon_pkg'
[3.010s] Level 1:colcon.colcon_core.package_identification:_identify(.) by extensions ['colcon_meta']
[3.010s] Level 1:colcon.colcon_core.package_identification:_identify(.) by extension 'colcon_meta'
[3.010s] Level 1:colcon.colcon_core.package_identification:_identify(.) by extensions ['ros']
[3.010s] Level 1:colcon.colcon_core.package_identification:_identify(.) by extension 'ros'
[3.023s] DEBUG:colcon.colcon_core.package_identification:Package '.' with type 'ros.ament_cmake' and name 'ctrler'
[3.024s] Level 1:colcon.colcon_core.package_discovery:discover_packages(recursive) using defaults
[3.024s] Level 1:colcon.colcon_core.package_discovery:discover_packages(ignore) discover
[3.024s] Level 1:colcon.colcon_core.package_discovery:discover_packages(ignore) using defaults
[3.024s] Level 1:colcon.colcon_core.package_discovery:discover_packages(path) discover
[3.024s] Level 1:colcon.colcon_core.package_discovery:discover_packages(path) using defaults
[3.038s] Level 1:colcon.colcon_core.package_discovery:discover_packages(prefix_path) check parameters
[3.038s] Level 1:colcon.colcon_core.package_discovery:discover_packages(prefix_path) discover
[3.039s] DEBUG:colcon.colcon_installed_package_information.package_discovery:Found 1 installed packages in /home/kohki/joy-recv-check/install
[3.040s] DEBUG:colcon.colcon_installed_package_information.package_discovery:Found 317 installed packages in /opt/ros/humble
[3.041s] Level 1:colcon.colcon_core.package_discovery:discover_packages(prefix_path) using defaults
[3.077s] Level 5:colcon.colcon_core.verb:set package 'ctrler' build argument 'cmake_args' from command line to 'None'
[3.077s] Level 5:colcon.colcon_core.verb:set package 'ctrler' build argument 'cmake_target' from command line to 'None'
[3.077s] Level 5:colcon.colcon_core.verb:set package 'ctrler' build argument 'cmake_target_skip_unavailable' from command line to 'False'
[3.077s] Level 5:colcon.colcon_core.verb:set package 'ctrler' build argument 'cmake_clean_cache' from command line to 'False'
[3.077s] Level 5:colcon.colcon_core.verb:set package 'ctrler' build argument 'cmake_clean_first' from command line to 'False'
[3.077s] Level 5:colcon.colcon_core.verb:set package 'ctrler' build argument 'cmake_force_configure' from command line to 'False'
[3.077s] Level 5:colcon.colcon_core.verb:set package 'ctrler' build argument 'ament_cmake_args' from command line to 'None'
[3.077s] Level 5:colcon.colcon_core.verb:set package 'ctrler' build argument 'catkin_cmake_args' from command line to 'None'
[3.077s] Level 5:colcon.colcon_core.verb:set package 'ctrler' build argument 'catkin_skip_building_tests' from command line to 'False'
[3.077s] DEBUG:colcon.colcon_core.verb:Building package 'ctrler' with the following arguments: {'ament_cmake_args': None, 'build_base': '/home/kohki/joy-recv-check/build/ctrler', 'catkin_cmake_args': None, 'catkin_skip_building_tests': False, 'cmake_args': None, 'cmake_clean_cache': False, 'cmake_clean_first': False, 'cmake_force_configure': False, 'cmake_target': None, 'cmake_target_skip_unavailable': False, 'install_base': '/home/kohki/joy-recv-check/install/ctrler', 'merge_install': False, 'path': '/home/kohki/joy-recv-check', 'symlink_install': False, 'test_result_base': None}
[3.077s] INFO:colcon.colcon_core.executor:Executing jobs using 'parallel' executor
[3.079s] DEBUG:colcon.colcon_parallel_executor.executor.parallel:run_until_complete
[3.080s] INFO:colcon.colcon_ros.task.ament_cmake.build:Building ROS package in '/home/kohki/joy-recv-check' with build type 'ament_cmake'
[3.080s] INFO:colcon.colcon_cmake.task.cmake.build:Building CMake package in '/home/kohki/joy-recv-check'
[3.082s] INFO:colcon.colcon_core.plugin_system:Skipping extension 'colcon_core.shell.bat': Not used on non-Windows systems
[3.082s] INFO:colcon.colcon_core.shell:Skip shell extension 'powershell' for command environment: Not usable outside of PowerShell
[3.082s] DEBUG:colcon.colcon_core.shell:Skip shell extension 'dsv' for command environment
[4.701s] DEBUG:colcon.colcon_core.event_handler.log_command:Invoking command in '/home/kohki/joy-recv-check/build/ctrler': CMAKE_PREFIX_PATH=${CMAKE_PREFIX_PATH}:/opt/ros/humble /usr/bin/cmake --build /home/kohki/joy-recv-check/build/ctrler -- -j12 -l12
[12.832s] DEBUG:colcon.colcon_core.event_handler.log_command:Invoked command in '/home/kohki/joy-recv-check/build/ctrler' returned '0': CMAKE_PREFIX_PATH=${CMAKE_PREFIX_PATH}:/opt/ros/humble /usr/bin/cmake --build /home/kohki/joy-recv-check/build/ctrler -- -j12 -l12
[12.848s] DEBUG:colcon.colcon_core.event_handler.log_command:Invoking command in '/home/kohki/joy-recv-check/build/ctrler': CMAKE_PREFIX_PATH=${CMAKE_PREFIX_PATH}:/opt/ros/humble /usr/bin/cmake --install /home/kohki/joy-recv-check/build/ctrler
[12.897s] Level 1:colcon.colcon_core.environment:create_environment_scripts_only(ctrler)
[12.898s] DEBUG:colcon.colcon_core.event_handler.log_command:Invoked command in '/home/kohki/joy-recv-check/build/ctrler' returned '0': CMAKE_PREFIX_PATH=${CMAKE_PREFIX_PATH}:/opt/ros/humble /usr/bin/cmake --install /home/kohki/joy-recv-check/build/ctrler
[12.901s] Level 1:colcon.colcon_core.environment:checking '/home/kohki/joy-recv-check/install/ctrler' for CMake module files
[12.902s] Level 1:colcon.colcon_core.environment:checking '/home/kohki/joy-recv-check/install/ctrler' for CMake config files
[12.902s] Level 1:colcon.colcon_core.shell:create_environment_hook('ctrler', 'cmake_prefix_path')
[12.903s] INFO:colcon.colcon_core.shell:Creating environment hook '/home/kohki/joy-recv-check/install/ctrler/share/ctrler/hook/cmake_prefix_path.ps1'
[12.971s] INFO:colcon.colcon_core.shell:Creating environment descriptor '/home/kohki/joy-recv-check/install/ctrler/share/ctrler/hook/cmake_prefix_path.dsv'
[12.980s] INFO:colcon.colcon_core.shell:Creating environment hook '/home/kohki/joy-recv-check/install/ctrler/share/ctrler/hook/cmake_prefix_path.sh'
[12.981s] Level 1:colcon.colcon_core.environment:checking '/home/kohki/joy-recv-check/install/ctrler/lib'
[12.981s] Level 1:colcon.colcon_core.environment:checking '/home/kohki/joy-recv-check/install/ctrler/bin'
[12.981s] Level 1:colcon.colcon_core.environment:checking '/home/kohki/joy-recv-check/install/ctrler/lib/pkgconfig/ctrler.pc'
[12.982s] Level 1:colcon.colcon_core.environment:checking '/home/kohki/joy-recv-check/install/ctrler/lib/python3.10/site-packages'
[12.982s] Level 1:colcon.colcon_core.environment:checking '/home/kohki/joy-recv-check/install/ctrler/bin'
[12.983s] INFO:colcon.colcon_core.shell:Creating package script '/home/kohki/joy-recv-check/install/ctrler/share/ctrler/package.ps1'
[13.057s] INFO:colcon.colcon_core.shell:Creating package descriptor '/home/kohki/joy-recv-check/install/ctrler/share/ctrler/package.dsv'
[13.061s] INFO:colcon.colcon_core.shell:Creating package script '/home/kohki/joy-recv-check/install/ctrler/share/ctrler/package.sh'
[13.132s] INFO:colcon.colcon_core.shell:Creating package script '/home/kohki/joy-recv-check/install/ctrler/share/ctrler/package.bash'
[13.136s] INFO:colcon.colcon_core.shell:Creating package script '/home/kohki/joy-recv-check/install/ctrler/share/ctrler/package.zsh'
[13.402s] Level 1:colcon.colcon_core.environment:create_file_with_runtime_dependencies(/home/kohki/joy-recv-check/install/ctrler/share/colcon-core/packages/ctrler)
[13.482s] Level 1:colcon.colcon_core.environment:create_environment_scripts_only(ctrler)
[13.483s] Level 1:colcon.colcon_core.environment:checking '/home/kohki/joy-recv-check/install/ctrler' for CMake module files
[13.483s] Level 1:colcon.colcon_core.environment:checking '/home/kohki/joy-recv-check/install/ctrler' for CMake config files
[13.483s] Level 1:colcon.colcon_core.shell:create_environment_hook('ctrler', 'cmake_prefix_path')
[13.484s] INFO:colcon.colcon_core.shell:Creating environment hook '/home/kohki/joy-recv-check/install/ctrler/share/ctrler/hook/cmake_prefix_path.ps1'
[13.965s] INFO:colcon.colcon_core.shell:Creating environment descriptor '/home/kohki/joy-recv-check/install/ctrler/share/ctrler/hook/cmake_prefix_path.dsv'
[13.971s] INFO:colcon.colcon_core.shell:Creating environment hook '/home/kohki/joy-recv-check/install/ctrler/share/ctrler/hook/cmake_prefix_path.sh'
[13.971s] Level 1:colcon.colcon_core.environment:checking '/home/kohki/joy-recv-check/install/ctrler/lib'
[13.971s] Level 1:colcon.colcon_core.environment:checking '/home/kohki/joy-recv-check/install/ctrler/bin'
[13.971s] Level 1:colcon.colcon_core.environment:checking '/home/kohki/joy-recv-check/install/ctrler/lib/pkgconfig/ctrler.pc'
[13.971s] Level 1:colcon.colcon_core.environment:checking '/home/kohki/joy-recv-check/install/ctrler/lib/python3.10/site-packages'
[13.971s] Level 1:colcon.colcon_core.environment:checking '/home/kohki/joy-recv-check/install/ctrler/bin'
[13.972s] INFO:colcon.colcon_core.shell:Creating package script '/home/kohki/joy-recv-check/install/ctrler/share/ctrler/package.ps1'
[13.975s] INFO:colcon.colcon_core.shell:Creating package descriptor '/home/kohki/joy-recv-check/install/ctrler/share/ctrler/package.dsv'
[14.002s] INFO:colcon.colcon_core.shell:Creating package script '/home/kohki/joy-recv-check/install/ctrler/share/ctrler/package.sh'
[14.006s] INFO:colcon.colcon_core.shell:Creating package script '/home/kohki/joy-recv-check/install/ctrler/share/ctrler/package.bash'
[14.006s] INFO:colcon.colcon_core.shell:Creating package script '/home/kohki/joy-recv-check/install/ctrler/share/ctrler/package.zsh'
[14.006s] Level 1:colcon.colcon_core.environment:create_file_with_runtime_dependencies(/home/kohki/joy-recv-check/install/ctrler/share/colcon-core/packages/ctrler)
[14.007s] DEBUG:colcon.colcon_parallel_executor.executor.parallel:closing loop
[14.007s] DEBUG:colcon.colcon_parallel_executor.executor.parallel:loop closed
[14.007s] DEBUG:colcon.colcon_parallel_executor.executor.parallel:run_until_complete finished with '0'
[14.007s] DEBUG:colcon.colcon_core.event_reactor:joining thread
[14.230s] INFO:colcon.colcon_core.plugin_system:Skipping extension 'colcon_notification.desktop_notification.terminal_notifier': Not used on non-Darwin systems
[14.230s] INFO:colcon.colcon_core.plugin_system:Skipping extension 'colcon_notification.desktop_notification.win32': Not used on non-Windows systems
[14.230s] INFO:colcon.colcon_notification.desktop_notification:Sending desktop notification using 'notify2'
[14.238s] DEBUG:colcon.colcon_core.event_reactor:joined thread
[14.239s] INFO:colcon.colcon_core.shell:Creating prefix script '/home/kohki/joy-recv-check/install/local_setup.ps1'
[14.344s] INFO:colcon.colcon_core.shell:Creating prefix util module '/home/kohki/joy-recv-check/install/_local_setup_util_ps1.py'
[14.357s] INFO:colcon.colcon_core.shell:Creating prefix chain script '/home/kohki/joy-recv-check/install/setup.ps1'
[14.366s] INFO:colcon.colcon_core.shell:Creating prefix script '/home/kohki/joy-recv-check/install/local_setup.sh'
[14.384s] INFO:colcon.colcon_core.shell:Creating prefix util module '/home/kohki/joy-recv-check/install/_local_setup_util_sh.py'
[14.398s] INFO:colcon.colcon_core.shell:Creating prefix chain script '/home/kohki/joy-recv-check/install/setup.sh'
[14.408s] INFO:colcon.colcon_core.shell:Creating prefix script '/home/kohki/joy-recv-check/install/local_setup.bash'
[14.422s] INFO:colcon.colcon_core.shell:Creating prefix chain script '/home/kohki/joy-recv-check/install/setup.bash'
[14.428s] INFO:colcon.colcon_core.shell:Creating prefix script '/home/kohki/joy-recv-check/install/local_setup.zsh'
[14.435s] INFO:colcon.colcon_core.shell:Creating prefix chain script '/home/kohki/joy-recv-check/install/setup.zsh'
