[35m[1mConsolidate compiler generated dependencies of target joy_recv[0m
[ 50%] [32mBuilding CXX object CMakeFiles/joy_recv.dir/src/joy_recv.cpp.o[0m
In file included from [01m[K/opt/ros/humble/include/rclcpp/rclcpp/logging.hpp:24[m[K,
                 from [01m[K/opt/ros/humble/include/rclcpp/rclcpp/client.hpp:40[m[K,
                 from [01m[K/opt/ros/humble/include/rclcpp/rclcpp/callback_group.hpp:23[m[K,
                 from [01m[K/opt/ros/humble/include/rclcpp/rclcpp/any_executable.hpp:20[m[K,
                 from [01m[K/opt/ros/humble/include/rclcpp/rclcpp/memory_strategy.hpp:25[m[K,
                 from [01m[K/opt/ros/humble/include/rclcpp/rclcpp/memory_strategies.hpp:18[m[K,
                 from [01m[K/opt/ros/humble/include/rclcpp/rclcpp/executor_options.hpp:20[m[K,
                 from [01m[K/opt/ros/humble/include/rclcpp/rclcpp/executor.hpp:37[m[K,
                 from [01m[K/opt/ros/humble/include/rclcpp/rclcpp/executors/multi_threaded_executor.hpp:25[m[K,
                 from [01m[K/opt/ros/humble/include/rclcpp/rclcpp/executors.hpp:21[m[K,
                 from [01m[K/opt/ros/humble/include/rclcpp/rclcpp/rclcpp.hpp:155[m[K,
                 from [01m[K/home/kohki/joy-recv-check/src/joy_recv.cpp:3[m[K:
[01m[K/home/kohki/joy-recv-check/src/joy_recv.cpp:[m[K In member function ‘[01m[Kvoid joy_sub::sub_callback(sensor_msgs::msg::Joy)[m[K’:
[01m[K/home/kohki/joy-recv-check/src/joy_recv.cpp:11:49:[m[K [01;35m[Kwarning: [m[Kformat ‘[01m[K%d[m[K’ expects argument of type ‘[01m[Kint[m[K’, but argument 11 has type ‘[01m[Kdouble[m[K’ [[01;35m[K]8;;https://gcc.gnu.org/onlinedocs/gcc/Warning-Options.html#index-Wformat=-Wformat=]8;;[m[K]
   11 |                 RCLCPP_INFO(this->get_logger(), [01;35m[K"axis: %f, %f, %f, %f, %f, %f,  button: %d"[m[K, joy_.axes[0], joy_.axes[1], joy_.axes[3], joy_.axes[4], joy_.axes[2], joy_.axes[5], joy_.axes[6], joy_.axes[7], joy_.buttons[0]);
      |                                                 [01;35m[K^~~~~~~~~~~~~~~~~~~~~~~~~~~~~~~~~~~~~~~~~~~[m[K
[01m[K/home/kohki/joy-recv-check/src/joy_recv.cpp:11:90:[m[K [01;36m[Knote: [m[Kformat string is defined here
   11 |                 RCLCPP_INFO(this->get_logger(), "axis: %f, %f, %f, %f, %f, %f,  button: [01;36m[K%d[m[K", joy_.axes[0], joy_.axes[1], joy_.axes[3], joy_.axes[4], joy_.axes[2], joy_.axes[5], joy_.axes[6], joy_.axes[7], joy_.buttons[0]);
      |                                                                                         [01;36m[K~^[m[K
      |                                                                                          [01;36m[K|[m[K
      |                                                                                          [01;36m[Kint[m[K
      |                                                                                         [32m[K%f[m[K
In file included from [01m[K/opt/ros/humble/include/rclcpp/rclcpp/logging.hpp:24[m[K,
                 from [01m[K/opt/ros/humble/include/rclcpp/rclcpp/client.hpp:40[m[K,
                 from [01m[K/opt/ros/humble/include/rclcpp/rclcpp/callback_group.hpp:23[m[K,
                 from [01m[K/opt/ros/humble/include/rclcpp/rclcpp/any_executable.hpp:20[m[K,
                 from [01m[K/opt/ros/humble/include/rclcpp/rclcpp/memory_strategy.hpp:25[m[K,
                 from [01m[K/opt/ros/humble/include/rclcpp/rclcpp/memory_strategies.hpp:18[m[K,
                 from [01m[K/opt/ros/humble/include/rclcpp/rclcpp/executor_options.hpp:20[m[K,
                 from [01m[K/opt/ros/humble/include/rclcpp/rclcpp/executor.hpp:37[m[K,
                 from [01m[K/opt/ros/humble/include/rclcpp/rclcpp/executors/multi_threaded_executor.hpp:25[m[K,
                 from [01m[K/opt/ros/humble/include/rclcpp/rclcpp/executors.hpp:21[m[K,
                 from [01m[K/opt/ros/humble/include/rclcpp/rclcpp/rclcpp.hpp:155[m[K,
                 from [01m[K/home/kohki/joy-recv-check/src/joy_recv.cpp:3[m[K:
[01m[K/home/kohki/joy-recv-check/src/joy_recv.cpp:11:49:[m[K [01;35m[Kwarning: [m[Ktoo many arguments for format [[01;35m[K]8;;https://gcc.gnu.org/onlinedocs/gcc/Warning-Options.html#index-Wformat-extra-args-Wformat-extra-args]8;;[m[K]
   11 |                 RCLCPP_INFO(this->get_logger(), [01;35m[K"axis: %f, %f, %f, %f, %f, %f,  button: %d"[m[K, joy_.axes[0], joy_.axes[1], joy_.axes[3], joy_.axes[4], joy_.axes[2], joy_.axes[5], joy_.axes[6], joy_.axes[7], joy_.buttons[0]);
      |                                                 [01;35m[K^~~~~~~~~~~~~~~~~~~~~~~~~~~~~~~~~~~~~~~~~~~[m[K
[100%] [32m[1mLinking CXX executable joy_recv[0m
[100%] Built target joy_recv
-- Install configuration: ""
-- Installing: /home/kohki/joy-recv-check/install/ctrler/lib/ctrler/joy_recv
-- Set runtime path of "/home/kohki/joy-recv-check/install/ctrler/lib/ctrler/joy_recv" to ""
-- Up-to-date: /home/kohki/joy-recv-check/install/ctrler/share/ament_index/resource_index/package_run_dependencies/ctrler
-- Up-to-date: /home/kohki/joy-recv-check/install/ctrler/share/ament_index/resource_index/parent_prefix_path/ctrler
-- Up-to-date: /home/kohki/joy-recv-check/install/ctrler/share/ctrler/environment/ament_prefix_path.sh
-- Up-to-date: /home/kohki/joy-recv-check/install/ctrler/share/ctrler/environment/ament_prefix_path.dsv
-- Up-to-date: /home/kohki/joy-recv-check/install/ctrler/share/ctrler/environment/path.sh
-- Up-to-date: /home/kohki/joy-recv-check/install/ctrler/share/ctrler/environment/path.dsv
-- Up-to-date: /home/kohki/joy-recv-check/install/ctrler/share/ctrler/local_setup.bash
-- Up-to-date: /home/kohki/joy-recv-check/install/ctrler/share/ctrler/local_setup.sh
-- Up-to-date: /home/kohki/joy-recv-check/install/ctrler/share/ctrler/local_setup.zsh
-- Up-to-date: /home/kohki/joy-recv-check/install/ctrler/share/ctrler/local_setup.dsv
-- Installing: /home/kohki/joy-recv-check/install/ctrler/share/ctrler/package.dsv
-- Up-to-date: /home/kohki/joy-recv-check/install/ctrler/share/ament_index/resource_index/packages/ctrler
-- Up-to-date: /home/kohki/joy-recv-check/install/ctrler/share/ctrler/cmake/ctrlerConfig.cmake
-- Up-to-date: /home/kohki/joy-recv-check/install/ctrler/share/ctrler/cmake/ctrlerConfig-version.cmake
-- Up-to-date: /home/kohki/joy-recv-check/install/ctrler/share/ctrler/package.xml
