[0.171s] DEBUG:colcon:Command line arguments: ['/usr/bin/colcon', 'build']
[0.171s] DEBUG:colcon:Parsed command line arguments: Namespace(log_base=None, log_level=None, verb_name='build', build_base='build', install_base='install', merge_install=False, symlink_install=False, test_result_base=None, continue_on_error=False, executor='parallel', parallel_workers=12, event_handlers=None, ignore_user_meta=False, metas=['./colcon.meta'], base_paths=['.'], packages_ignore=None, packages_ignore_regex=None, paths=None, packages_up_to=None, packages_up_to_regex=None, packages_above=None, packages_above_and_dependencies=None, packages_above_depth=None, packages_select_by_dep=None, packages_skip_by_dep=None, packages_skip_up_to=None, packages_select_build_failed=False, packages_skip_build_finished=False, packages_select_test_failures=False, packages_skip_test_passed=False, packages_select=None, packages_skip=None, packages_select_regex=None, packages_skip_regex=None, packages_start=None, packages_end=None, allow_overriding=[], cmake_args=None, cmake_target=None, cmake_target_skip_unavailable=False, cmake_clean_cache=False, cmake_clean_first=False, cmake_force_configure=False, ament_cmake_args=None, catkin_cmake_args=None, catkin_skip_building_tests=False, verb_parser=<colcon_defaults.argument_parser.defaults.DefaultArgumentsDecorator object at 0x7f00a429b850>, verb_extension=<colcon_core.verb.build.BuildVerb object at 0x7f00a45d2ad0>, main=<bound method BuildVerb.main of <colcon_core.verb.build.BuildVerb object at 0x7f00a45d2ad0>>)
[0.183s] Level 1:colcon.colcon_core.package_discovery:discover_packages(colcon_meta) check parameters
[0.183s] Level 1:colcon.colcon_core.package_discovery:discover_packages(recursive) check parameters
[0.183s] Level 1:colcon.colcon_core.package_discovery:discover_packages(ignore) check parameters
[0.183s] Level 1:colcon.colcon_core.package_discovery:discover_packages(path) check parameters
[0.183s] Level 1:colcon.colcon_core.package_discovery:discover_packages(colcon_meta) discover
[0.183s] Level 1:colcon.colcon_core.package_discovery:discover_packages(recursive) discover
[0.183s] INFO:colcon.colcon_core.package_discovery:Crawling recursively for packages in '/home/kohki/joy-recv-check'
[0.183s] Level 1:colcon.colcon_core.package_identification:_identify(.) by extensions ['ignore', 'ignore_ament_install']
[0.183s] Level 1:colcon.colcon_core.package_identification:_identify(.) by extension 'ignore'
[0.183s] Level 1:colcon.colcon_core.package_identification:_identify(.) by extension 'ignore_ament_install'
[0.183s] Level 1:colcon.colcon_core.package_identification:_identify(.) by extensions ['colcon_pkg']
[0.183s] Level 1:colcon.colcon_core.package_identification:_identify(.) by extension 'colcon_pkg'
[0.183s] Level 1:colcon.colcon_core.package_identification:_identify(.) by extensions ['colcon_meta']
[0.183s] Level 1:colcon.colcon_core.package_identification:_identify(.) by extension 'colcon_meta'
[0.183s] Level 1:colcon.colcon_core.package_identification:_identify(.) by extensions ['ros']
[0.183s] Level 1:colcon.colcon_core.package_identification:_identify(.) by extension 'ros'
[0.197s] DEBUG:colcon.colcon_core.package_identification:Package '.' with type 'ros.ament_cmake' and name 'ctrler'
[0.197s] Level 1:colcon.colcon_core.package_discovery:discover_packages(recursive) using defaults
[0.197s] Level 1:colcon.colcon_core.package_discovery:discover_packages(ignore) discover
[0.197s] Level 1:colcon.colcon_core.package_discovery:discover_packages(ignore) using defaults
[0.197s] Level 1:colcon.colcon_core.package_discovery:discover_packages(path) discover
[0.197s] Level 1:colcon.colcon_core.package_discovery:discover_packages(path) using defaults
[0.211s] Level 1:colcon.colcon_core.package_discovery:discover_packages(prefix_path) check parameters
[0.212s] Level 1:colcon.colcon_core.package_discovery:discover_packages(prefix_path) discover
[0.213s] DEBUG:colcon.colcon_installed_package_information.package_discovery:Found 1 installed packages in /home/kohki/joy-recv-check/install
[0.214s] DEBUG:colcon.colcon_installed_package_information.package_discovery:Found 317 installed packages in /opt/ros/humble
[0.215s] Level 1:colcon.colcon_core.package_discovery:discover_packages(prefix_path) using defaults
[0.250s] Level 5:colcon.colcon_core.verb:set package 'ctrler' build argument 'cmake_args' from command line to 'None'
[0.250s] Level 5:colcon.colcon_core.verb:set package 'ctrler' build argument 'cmake_target' from command line to 'None'
[0.250s] Level 5:colcon.colcon_core.verb:set package 'ctrler' build argument 'cmake_target_skip_unavailable' from command line to 'False'
[0.250s] Level 5:colcon.colcon_core.verb:set package 'ctrler' build argument 'cmake_clean_cache' from command line to 'False'
[0.250s] Level 5:colcon.colcon_core.verb:set package 'ctrler' build argument 'cmake_clean_first' from command line to 'False'
[0.250s] Level 5:colcon.colcon_core.verb:set package 'ctrler' build argument 'cmake_force_configure' from command line to 'False'
[0.250s] Level 5:colcon.colcon_core.verb:set package 'ctrler' build argument 'ament_cmake_args' from command line to 'None'
[0.250s] Level 5:colcon.colcon_core.verb:set package 'ctrler' build argument 'catkin_cmake_args' from command line to 'None'
[0.250s] Level 5:colcon.colcon_core.verb:set package 'ctrler' build argument 'catkin_skip_building_tests' from command line to 'False'
[0.250s] DEBUG:colcon.colcon_core.verb:Building package 'ctrler' with the following arguments: {'ament_cmake_args': None, 'build_base': '/home/kohki/joy-recv-check/build/ctrler', 'catkin_cmake_args': None, 'catkin_skip_building_tests': False, 'cmake_args': None, 'cmake_clean_cache': False, 'cmake_clean_first': False, 'cmake_force_configure': False, 'cmake_target': None, 'cmake_target_skip_unavailable': False, 'install_base': '/home/kohki/joy-recv-check/install/ctrler', 'merge_install': False, 'path': '/home/kohki/joy-recv-check', 'symlink_install': False, 'test_result_base': None}
[0.251s] INFO:colcon.colcon_core.executor:Executing jobs using 'parallel' executor
[0.253s] DEBUG:colcon.colcon_parallel_executor.executor.parallel:run_until_complete
[0.253s] INFO:colcon.colcon_ros.task.ament_cmake.build:Building ROS package in '/home/kohki/joy-recv-check' with build type 'ament_cmake'
[0.253s] INFO:colcon.colcon_cmake.task.cmake.build:Building CMake package in '/home/kohki/joy-recv-check'
[0.256s] INFO:colcon.colcon_core.plugin_system:Skipping extension 'colcon_core.shell.bat': Not used on non-Windows systems
[0.256s] INFO:colcon.colcon_core.shell:Skip shell extension 'powershell' for command environment: Not usable outside of PowerShell
[0.256s] DEBUG:colcon.colcon_core.shell:Skip shell extension 'dsv' for command environment
[0.265s] DEBUG:colcon.colcon_core.event_handler.log_command:Invoking command in '/home/kohki/joy-recv-check/build/ctrler': CMAKE_PREFIX_PATH=${CMAKE_PREFIX_PATH}:/opt/ros/humble /usr/bin/cmake --build /home/kohki/joy-recv-check/build/ctrler -- -j12 -l12
[6.443s] DEBUG:colcon.colcon_core.event_handler.log_command:Invoked command in '/home/kohki/joy-recv-check/build/ctrler' returned '0': CMAKE_PREFIX_PATH=${CMAKE_PREFIX_PATH}:/opt/ros/humble /usr/bin/cmake --build /home/kohki/joy-recv-check/build/ctrler -- -j12 -l12
[6.459s] DEBUG:colcon.colcon_core.event_handler.log_command:Invoking command in '/home/kohki/joy-recv-check/build/ctrler': CMAKE_PREFIX_PATH=${CMAKE_PREFIX_PATH}:/opt/ros/humble /usr/bin/cmake --install /home/kohki/joy-recv-check/build/ctrler
[6.466s] Level 1:colcon.colcon_core.environment:create_environment_scripts_only(ctrler)
[6.467s] DEBUG:colcon.colcon_core.event_handler.log_command:Invoked command in '/home/kohki/joy-recv-check/build/ctrler' returned '0': CMAKE_PREFIX_PATH=${CMAKE_PREFIX_PATH}:/opt/ros/humble /usr/bin/cmake --install /home/kohki/joy-recv-check/build/ctrler
[6.469s] Level 1:colcon.colcon_core.environment:checking '/home/kohki/joy-recv-check/install/ctrler' for CMake module files
[6.469s] Level 1:colcon.colcon_core.environment:checking '/home/kohki/joy-recv-check/install/ctrler' for CMake config files
[6.470s] Level 1:colcon.colcon_core.shell:create_environment_hook('ctrler', 'cmake_prefix_path')
[6.470s] INFO:colcon.colcon_core.shell:Creating environment hook '/home/kohki/joy-recv-check/install/ctrler/share/ctrler/hook/cmake_prefix_path.ps1'
[6.472s] INFO:colcon.colcon_core.shell:Creating environment descriptor '/home/kohki/joy-recv-check/install/ctrler/share/ctrler/hook/cmake_prefix_path.dsv'
[6.472s] INFO:colcon.colcon_core.shell:Creating environment hook '/home/kohki/joy-recv-check/install/ctrler/share/ctrler/hook/cmake_prefix_path.sh'
[6.473s] Level 1:colcon.colcon_core.environment:checking '/home/kohki/joy-recv-check/install/ctrler/lib'
[6.473s] Level 1:colcon.colcon_core.environment:checking '/home/kohki/joy-recv-check/install/ctrler/bin'
[6.473s] Level 1:colcon.colcon_core.environment:checking '/home/kohki/joy-recv-check/install/ctrler/lib/pkgconfig/ctrler.pc'
[6.473s] Level 1:colcon.colcon_core.environment:checking '/home/kohki/joy-recv-check/install/ctrler/lib/python3.10/site-packages'
[6.473s] Level 1:colcon.colcon_core.environment:checking '/home/kohki/joy-recv-check/install/ctrler/bin'
[6.474s] INFO:colcon.colcon_core.shell:Creating package script '/home/kohki/joy-recv-check/install/ctrler/share/ctrler/package.ps1'
[6.474s] INFO:colcon.colcon_core.shell:Creating package descriptor '/home/kohki/joy-recv-check/install/ctrler/share/ctrler/package.dsv'
[6.475s] INFO:colcon.colcon_core.shell:Creating package script '/home/kohki/joy-recv-check/install/ctrler/share/ctrler/package.sh'
[6.475s] INFO:colcon.colcon_core.shell:Creating package script '/home/kohki/joy-recv-check/install/ctrler/share/ctrler/package.bash'
[6.475s] INFO:colcon.colcon_core.shell:Creating package script '/home/kohki/joy-recv-check/install/ctrler/share/ctrler/package.zsh'
[6.476s] Level 1:colcon.colcon_core.environment:create_file_with_runtime_dependencies(/home/kohki/joy-recv-check/install/ctrler/share/colcon-core/packages/ctrler)
[6.489s] Level 1:colcon.colcon_core.environment:create_environment_scripts_only(ctrler)
[6.491s] Level 1:colcon.colcon_core.environment:checking '/home/kohki/joy-recv-check/install/ctrler' for CMake module files
[6.491s] Level 1:colcon.colcon_core.environment:checking '/home/kohki/joy-recv-check/install/ctrler' for CMake config files
[6.491s] Level 1:colcon.colcon_core.shell:create_environment_hook('ctrler', 'cmake_prefix_path')
[6.492s] INFO:colcon.colcon_core.shell:Creating environment hook '/home/kohki/joy-recv-check/install/ctrler/share/ctrler/hook/cmake_prefix_path.ps1'
[6.492s] INFO:colcon.colcon_core.shell:Creating environment descriptor '/home/kohki/joy-recv-check/install/ctrler/share/ctrler/hook/cmake_prefix_path.dsv'
[6.497s] INFO:colcon.colcon_core.shell:Creating environment hook '/home/kohki/joy-recv-check/install/ctrler/share/ctrler/hook/cmake_prefix_path.sh'
[6.498s] Level 1:colcon.colcon_core.environment:checking '/home/kohki/joy-recv-check/install/ctrler/lib'
[6.498s] Level 1:colcon.colcon_core.environment:checking '/home/kohki/joy-recv-check/install/ctrler/bin'
[6.498s] Level 1:colcon.colcon_core.environment:checking '/home/kohki/joy-recv-check/install/ctrler/lib/pkgconfig/ctrler.pc'
[6.498s] Level 1:colcon.colcon_core.environment:checking '/home/kohki/joy-recv-check/install/ctrler/lib/python3.10/site-packages'
[6.498s] Level 1:colcon.colcon_core.environment:checking '/home/kohki/joy-recv-check/install/ctrler/bin'
[6.499s] INFO:colcon.colcon_core.shell:Creating package script '/home/kohki/joy-recv-check/install/ctrler/share/ctrler/package.ps1'
[6.499s] INFO:colcon.colcon_core.shell:Creating package descriptor '/home/kohki/joy-recv-check/install/ctrler/share/ctrler/package.dsv'
[6.505s] INFO:colcon.colcon_core.shell:Creating package script '/home/kohki/joy-recv-check/install/ctrler/share/ctrler/package.sh'
[6.506s] INFO:colcon.colcon_core.shell:Creating package script '/home/kohki/joy-recv-check/install/ctrler/share/ctrler/package.bash'
[6.512s] INFO:colcon.colcon_core.shell:Creating package script '/home/kohki/joy-recv-check/install/ctrler/share/ctrler/package.zsh'
[6.512s] Level 1:colcon.colcon_core.environment:create_file_with_runtime_dependencies(/home/kohki/joy-recv-check/install/ctrler/share/colcon-core/packages/ctrler)
[6.512s] DEBUG:colcon.colcon_parallel_executor.executor.parallel:closing loop
[6.512s] DEBUG:colcon.colcon_parallel_executor.executor.parallel:loop closed
[6.512s] DEBUG:colcon.colcon_parallel_executor.executor.parallel:run_until_complete finished with '0'
[6.512s] DEBUG:colcon.colcon_core.event_reactor:joining thread
[6.516s] INFO:colcon.colcon_core.plugin_system:Skipping extension 'colcon_notification.desktop_notification.terminal_notifier': Not used on non-Darwin systems
[6.517s] INFO:colcon.colcon_core.plugin_system:Skipping extension 'colcon_notification.desktop_notification.win32': Not used on non-Windows systems
[6.517s] INFO:colcon.colcon_notification.desktop_notification:Sending desktop notification using 'notify2'
[6.524s] DEBUG:colcon.colcon_core.event_reactor:joined thread
[6.525s] INFO:colcon.colcon_core.shell:Creating prefix script '/home/kohki/joy-recv-check/install/local_setup.ps1'
[6.526s] INFO:colcon.colcon_core.shell:Creating prefix util module '/home/kohki/joy-recv-check/install/_local_setup_util_ps1.py'
[6.529s] INFO:colcon.colcon_core.shell:Creating prefix chain script '/home/kohki/joy-recv-check/install/setup.ps1'
[6.530s] INFO:colcon.colcon_core.shell:Creating prefix script '/home/kohki/joy-recv-check/install/local_setup.sh'
[6.530s] INFO:colcon.colcon_core.shell:Creating prefix util module '/home/kohki/joy-recv-check/install/_local_setup_util_sh.py'
[6.531s] INFO:colcon.colcon_core.shell:Creating prefix chain script '/home/kohki/joy-recv-check/install/setup.sh'
[6.531s] INFO:colcon.colcon_core.shell:Creating prefix script '/home/kohki/joy-recv-check/install/local_setup.bash'
[6.532s] INFO:colcon.colcon_core.shell:Creating prefix chain script '/home/kohki/joy-recv-check/install/setup.bash'
[6.533s] INFO:colcon.colcon_core.shell:Creating prefix script '/home/kohki/joy-recv-check/install/local_setup.zsh'
[6.533s] INFO:colcon.colcon_core.shell:Creating prefix chain script '/home/kohki/joy-recv-check/install/setup.zsh'
