[0.014s] Invoking command in '/home/kohki/joy-recv-check/build/ctrler': CMAKE_PREFIX_PATH=${CMAKE_PREFIX_PATH}:/opt/ros/humble /usr/bin/cmake --build /home/kohki/joy-recv-check/build/ctrler -- -j12 -l12
[0.036s] [35m[1mConsolidate compiler generated dependencies of target joy_recv[0m
[0.045s] [ 50%] [32mBuilding CXX object CMakeFiles/joy_recv.dir/src/joy_recv.cpp.o[0m
[11.599s] [100%] [32m[1mLinking CXX executable joy_recv[0m
[11.908s] [100%] Built target joy_recv
[11.915s] Invoked command in '/home/kohki/joy-recv-check/build/ctrler' returned '0': CMAKE_PREFIX_PATH=${CMAKE_PREFIX_PATH}:/opt/ros/humble /usr/bin/cmake --build /home/kohki/joy-recv-check/build/ctrler -- -j12 -l12
[11.932s] Invoking command in '/home/kohki/joy-recv-check/build/ctrler': CMAKE_PREFIX_PATH=${CMAKE_PREFIX_PATH}:/opt/ros/humble /usr/bin/cmake --install /home/kohki/joy-recv-check/build/ctrler
[11.936s] -- Install configuration: ""
[11.936s] -- Installing: /home/kohki/joy-recv-check/install/ctrler/lib/ctrler/joy_recv
[11.938s] -- Set runtime path of "/home/kohki/joy-recv-check/install/ctrler/lib/ctrler/joy_recv" to ""
[11.938s] -- Up-to-date: /home/kohki/joy-recv-check/install/ctrler/share/ament_index/resource_index/package_run_dependencies/ctrler
[11.938s] -- Up-to-date: /home/kohki/joy-recv-check/install/ctrler/share/ament_index/resource_index/parent_prefix_path/ctrler
[11.939s] -- Up-to-date: /home/kohki/joy-recv-check/install/ctrler/share/ctrler/environment/ament_prefix_path.sh
[11.939s] -- Up-to-date: /home/kohki/joy-recv-check/install/ctrler/share/ctrler/environment/ament_prefix_path.dsv
[11.939s] -- Up-to-date: /home/kohki/joy-recv-check/install/ctrler/share/ctrler/environment/path.sh
[11.939s] -- Up-to-date: /home/kohki/joy-recv-check/install/ctrler/share/ctrler/environment/path.dsv
[11.939s] -- Up-to-date: /home/kohki/joy-recv-check/install/ctrler/share/ctrler/local_setup.bash
[11.939s] -- Up-to-date: /home/kohki/joy-recv-check/install/ctrler/share/ctrler/local_setup.sh
[11.939s] -- Up-to-date: /home/kohki/joy-recv-check/install/ctrler/share/ctrler/local_setup.zsh
[11.939s] -- Up-to-date: /home/kohki/joy-recv-check/install/ctrler/share/ctrler/local_setup.dsv
[11.939s] -- Installing: /home/kohki/joy-recv-check/install/ctrler/share/ctrler/package.dsv
[11.939s] -- Up-to-date: /home/kohki/joy-recv-check/install/ctrler/share/ament_index/resource_index/packages/ctrler
[11.939s] -- Up-to-date: /home/kohki/joy-recv-check/install/ctrler/share/ctrler/cmake/ctrlerConfig.cmake
[11.939s] -- Up-to-date: /home/kohki/joy-recv-check/install/ctrler/share/ctrler/cmake/ctrlerConfig-version.cmake
[11.939s] -- Up-to-date: /home/kohki/joy-recv-check/install/ctrler/share/ctrler/package.xml
[13.300s] Invoked command in '/home/kohki/joy-recv-check/build/ctrler' returned '0': CMAKE_PREFIX_PATH=${CMAKE_PREFIX_PATH}:/opt/ros/humble /usr/bin/cmake --install /home/kohki/joy-recv-check/build/ctrler
