[0.732s] Invoking command in '/home/kohki/joy-recv-check/build/ctrler': CMAKE_PREFIX_PATH=${CMAKE_PREFIX_PATH}:/opt/ros/humble /usr/bin/cmake --build /home/kohki/joy-recv-check/build/ctrler -- -j12 -l12
[0.753s] [35m[1mConsolidate compiler generated dependencies of target joy_recv[0m
[1.053s] [ 50%] [32mBuilding CXX object CMakeFiles/joy_recv.dir/src/joy_recv.cpp.o[0m
[6.600s] [100%] [32m[1mLinking CXX executable joy_recv[0m
[6.852s] [100%] Built target joy_recv
[6.858s] Invoked command in '/home/kohki/joy-recv-check/build/ctrler' returned '0': CMAKE_PREFIX_PATH=${CMAKE_PREFIX_PATH}:/opt/ros/humble /usr/bin/cmake --build /home/kohki/joy-recv-check/build/ctrler -- -j12 -l12
[6.874s] Invoking command in '/home/kohki/joy-recv-check/build/ctrler': CMAKE_PREFIX_PATH=${CMAKE_PREFIX_PATH}:/opt/ros/humble /usr/bin/cmake --install /home/kohki/joy-recv-check/build/ctrler
[6.877s] -- Install configuration: ""
[6.877s] -- Installing: /home/kohki/joy-recv-check/install/ctrler/lib/ctrler/joy_recv
[6.879s] -- Set runtime path of "/home/kohki/joy-recv-check/install/ctrler/lib/ctrler/joy_recv" to ""
[6.879s] -- Up-to-date: /home/kohki/joy-recv-check/install/ctrler/share/ament_index/resource_index/package_run_dependencies/ctrler
[6.879s] -- Up-to-date: /home/kohki/joy-recv-check/install/ctrler/share/ament_index/resource_index/parent_prefix_path/ctrler
[6.879s] -- Up-to-date: /home/kohki/joy-recv-check/install/ctrler/share/ctrler/environment/ament_prefix_path.sh
[6.880s] -- Up-to-date: /home/kohki/joy-recv-check/install/ctrler/share/ctrler/environment/ament_prefix_path.dsv
[6.880s] -- Up-to-date: /home/kohki/joy-recv-check/install/ctrler/share/ctrler/environment/path.sh
[6.880s] -- Up-to-date: /home/kohki/joy-recv-check/install/ctrler/share/ctrler/environment/path.dsv
[6.880s] -- Up-to-date: /home/kohki/joy-recv-check/install/ctrler/share/ctrler/local_setup.bash
[6.880s] -- Up-to-date: /home/kohki/joy-recv-check/install/ctrler/share/ctrler/local_setup.sh
[6.880s] -- Up-to-date: /home/kohki/joy-recv-check/install/ctrler/share/ctrler/local_setup.zsh
[6.880s] -- Up-to-date: /home/kohki/joy-recv-check/install/ctrler/share/ctrler/local_setup.dsv
[6.880s] -- Installing: /home/kohki/joy-recv-check/install/ctrler/share/ctrler/package.dsv
[6.880s] -- Up-to-date: /home/kohki/joy-recv-check/install/ctrler/share/ament_index/resource_index/packages/ctrler
[6.880s] -- Up-to-date: /home/kohki/joy-recv-check/install/ctrler/share/ctrler/cmake/ctrlerConfig.cmake
[6.880s] -- Up-to-date: /home/kohki/joy-recv-check/install/ctrler/share/ctrler/cmake/ctrlerConfig-version.cmake
[6.880s] -- Up-to-date: /home/kohki/joy-recv-check/install/ctrler/share/ctrler/package.xml
[6.881s] Invoked command in '/home/kohki/joy-recv-check/build/ctrler' returned '0': CMAKE_PREFIX_PATH=${CMAKE_PREFIX_PATH}:/opt/ros/humble /usr/bin/cmake --install /home/kohki/joy-recv-check/build/ctrler
