[0.093s] Invoking command in '/home/kohki/joy-recv-check/build/ctrler': CMAKE_PREFIX_PATH=/opt/ros/humble /usr/bin/cmake /home/kohki/joy-recv-check -DCMAKE_INSTALL_PREFIX=/home/kohki/joy-recv-check/install/ctrler
[3.312s] -- The C compiler identification is GNU 11.3.0
[4.768s] -- The CXX compiler identification is GNU 11.3.0
[4.984s] -- Detecting C compiler ABI info
[5.289s] -- Detecting C compiler ABI info - done
[5.294s] -- Check for working C compiler: /usr/bin/cc - skipped
[5.322s] -- Detecting C compile features
[5.337s] -- Detecting C compile features - done
[5.376s] -- Detecting CXX compiler ABI info
[5.561s] -- Detecting CXX compiler ABI info - done
[5.565s] -- Check for working CXX compiler: /usr/bin/c++ - skipped
[5.565s] -- Detecting CXX compile features
[5.566s] -- Detecting CXX compile features - done
[5.723s] -- Found ament_cmake: 1.3.3 (/opt/ros/humble/share/ament_cmake/cmake)
[6.129s] -- Found Python3: /usr/bin/python3.10 (found version "3.10.6") found components: Interpreter 
[6.894s] -- Found std_msgs: 4.2.2 (/opt/ros/humble/share/std_msgs/cmake)
[7.421s] -- Found rosidl_generator_c: 3.1.4 (/opt/ros/humble/share/rosidl_generator_c/cmake)
[7.543s] -- Found rosidl_adapter: 3.1.4 (/opt/ros/humble/share/rosidl_adapter/cmake)
[7.700s] -- Found rosidl_generator_cpp: 3.1.4 (/opt/ros/humble/share/rosidl_generator_cpp/cmake)
[7.946s] -- Using all available rosidl_typesupport_c: rosidl_typesupport_fastrtps_c;rosidl_typesupport_introspection_c
[8.178s] -- Using all available rosidl_typesupport_cpp: rosidl_typesupport_fastrtps_cpp;rosidl_typesupport_introspection_cpp
[8.559s] -- Found rclcpp: 16.0.2 (/opt/ros/humble/share/rclcpp/cmake)
[9.246s] -- Found rmw_implementation_cmake: 6.1.1 (/opt/ros/humble/share/rmw_implementation_cmake/cmake)
[9.309s] -- Found rmw_fastrtps_cpp: 6.2.2 (/opt/ros/humble/share/rmw_fastrtps_cpp/cmake)
[9.618s] -- Found OpenSSL: /usr/lib/x86_64-linux-gnu/libcrypto.so (found version "3.0.2")  
[9.647s] -- Found FastRTPS: /opt/ros/humble/include  
[9.680s] -- Using RMW implementation 'rmw_fastrtps_cpp' as default
[9.728s] -- Looking for pthread.h
[9.796s] -- Looking for pthread.h - found
[9.796s] -- Performing Test CMAKE_HAVE_LIBC_PTHREAD
[9.880s] -- Performing Test CMAKE_HAVE_LIBC_PTHREAD - Success
[9.881s] -- Found Threads: TRUE  
[10.068s] -- Found rclpy: 3.3.5 (/opt/ros/humble/share/rclpy/cmake)
[10.072s] -- Found sensor_msgs: 4.2.2 (/opt/ros/humble/share/sensor_msgs/cmake)
[10.232s] -- Found ament_lint_auto: 0.12.4 (/opt/ros/humble/share/ament_lint_auto/cmake)
[10.336s] -- Added test 'cppcheck' to perform static code analysis on C / C++ code
[10.336s] -- Configured cppcheck include dirs: /home/kohki/joy-recv-check/include
[10.336s] -- Configured cppcheck exclude dirs and/or files: 
[10.339s] -- Added test 'lint_cmake' to check CMake code style
[10.345s] -- Added test 'uncrustify' to check C / C++ code style
[10.345s] -- Configured uncrustify additional arguments: 
[10.346s] -- Added test 'xmllint' to check XML markup files
[10.351s] -- Configuring done
[10.357s] -- Generating done
[10.358s] -- Build files have been written to: /home/kohki/joy-recv-check/build/ctrler
[10.364s] Invoked command in '/home/kohki/joy-recv-check/build/ctrler' returned '0': CMAKE_PREFIX_PATH=/opt/ros/humble /usr/bin/cmake /home/kohki/joy-recv-check -DCMAKE_INSTALL_PREFIX=/home/kohki/joy-recv-check/install/ctrler
[10.365s] Invoking command in '/home/kohki/joy-recv-check/build/ctrler': CMAKE_PREFIX_PATH=/opt/ros/humble /usr/bin/cmake --build /home/kohki/joy-recv-check/build/ctrler -- -j12 -l12
[10.390s] [ 50%] [32mBuilding CXX object CMakeFiles/joy_recv.dir/src/joy_recv.cpp.o[0m
[19.633s] [100%] [32m[1mLinking CXX executable joy_recv[0m
[20.241s] [100%] Built target joy_recv
[20.248s] Invoked command in '/home/kohki/joy-recv-check/build/ctrler' returned '0': CMAKE_PREFIX_PATH=/opt/ros/humble /usr/bin/cmake --build /home/kohki/joy-recv-check/build/ctrler -- -j12 -l12
[20.266s] Invoking command in '/home/kohki/joy-recv-check/build/ctrler': CMAKE_PREFIX_PATH=/opt/ros/humble /usr/bin/cmake --install /home/kohki/joy-recv-check/build/ctrler
[20.270s] -- Install configuration: ""
[20.270s] -- Installing: /home/kohki/joy-recv-check/install/ctrler/lib/ctrler/joy_recv
[20.272s] -- Set runtime path of "/home/kohki/joy-recv-check/install/ctrler/lib/ctrler/joy_recv" to ""
[20.272s] -- Installing: /home/kohki/joy-recv-check/install/ctrler/share/ament_index/resource_index/package_run_dependencies/ctrler
[20.272s] -- Installing: /home/kohki/joy-recv-check/install/ctrler/share/ament_index/resource_index/parent_prefix_path/ctrler
[20.272s] -- Installing: /home/kohki/joy-recv-check/install/ctrler/share/ctrler/environment/ament_prefix_path.sh
[20.272s] -- Installing: /home/kohki/joy-recv-check/install/ctrler/share/ctrler/environment/ament_prefix_path.dsv
[20.272s] -- Installing: /home/kohki/joy-recv-check/install/ctrler/share/ctrler/environment/path.sh
[20.273s] -- Installing: /home/kohki/joy-recv-check/install/ctrler/share/ctrler/environment/path.dsv
[20.273s] -- Installing: /home/kohki/joy-recv-check/install/ctrler/share/ctrler/local_setup.bash
[20.273s] -- Installing: /home/kohki/joy-recv-check/install/ctrler/share/ctrler/local_setup.sh
[20.273s] -- Installing: /home/kohki/joy-recv-check/install/ctrler/share/ctrler/local_setup.zsh
[20.273s] -- Installing: /home/kohki/joy-recv-check/install/ctrler/share/ctrler/local_setup.dsv
[20.273s] -- Installing: /home/kohki/joy-recv-check/install/ctrler/share/ctrler/package.dsv
[20.273s] -- Installing: /home/kohki/joy-recv-check/install/ctrler/share/ament_index/resource_index/packages/ctrler
[20.273s] -- Installing: /home/kohki/joy-recv-check/install/ctrler/share/ctrler/cmake/ctrlerConfig.cmake
[20.273s] -- Installing: /home/kohki/joy-recv-check/install/ctrler/share/ctrler/cmake/ctrlerConfig-version.cmake
[20.273s] -- Installing: /home/kohki/joy-recv-check/install/ctrler/share/ctrler/package.xml
[20.274s] Invoked command in '/home/kohki/joy-recv-check/build/ctrler' returned '0': CMAKE_PREFIX_PATH=/opt/ros/humble /usr/bin/cmake --install /home/kohki/joy-recv-check/build/ctrler
